<?xml version="1.0" encoding="UTF-8"?>
<!-- Generated by org.testng.reporters.JUnitReportReporter -->
<testsuite skipped="6" hostname="LAPTOP-CKB4AMNI" name="YouTubeLog.YouTubeAccount" tests="7" failures="0" timestamp="03 Dec 2023 09:47:08 GMT" time="30.843" errors="0">
  <testcase name="YouTubeWatchLater" time="30.843" classname="YouTubeLog.YouTubeAccount"/>
  <testcase name="LikeandPlay" classname="YouTubeLog.YouTubeAccount">
    <skipped/>
  </testcase> <!-- LikeandPlay -->
  <testcase name="CommentOnVideo" classname="YouTubeLog.YouTubeAccount">
    <skipped/>
  </testcase> <!-- CommentOnVideo -->
  <testcase name="youtubeLogin" classname="YouTubeLog.YouTubeAccount">
    <skipped/>
  </testcase> <!-- youtubeLogin -->
  <testcase name="clickSubscription" classname="YouTubeLog.YouTubeAccount">
    <skipped/>
  </testcase> <!-- clickSubscription -->
  <testcase name="SubscribeChannel" classname="YouTubeLog.YouTubeAccount">
    <skipped/>
  </testcase> <!-- SubscribeChannel -->
  <testcase name="clickHistory" classname="YouTubeLog.YouTubeAccount">
    <skipped/>
  </testcase> <!-- clickHistory -->
</testsuite> <!-- YouTubeLog.YouTubeAccount -->
